<?xml version="1.0" encoding="UTF-8"?>
<!-- Generated by org.testng.reporters.JUnitReportReporter -->
<testsuite hostname="DESKTOP-75JV3VP" failures="0" tests="1" name="PostRequest" time="3.073" errors="0" timestamp="2021-07-11T23:42:30 CEST" skipped="0">
  <testcase classname="PostRequest" name="post" time="3.073"/>
  <system-out/>
</testsuite> <!-- PostRequest -->
