<?xml version="1.0" encoding="UTF-8"?>
<!-- Generated by org.testng.reporters.JUnitReportReporter -->
<testsuite hostname="DESKTOP-75JV3VP" failures="0" tests="1" name="DeleteRequest" time="0.398" errors="0" timestamp="2021-07-11T23:42:30 CEST" skipped="0">
  <testcase classname="DeleteRequest" name="delete" time="0.398"/>
  <system-out/>
</testsuite> <!-- DeleteRequest -->
