<?xml version="1.0" encoding="UTF-8"?>
<!-- Generated by org.testng.reporters.JUnitReportReporter -->
<testsuite hostname="DESKTOP-75JV3VP" failures="0" tests="1" name="BasicAuthenticationTest" time="0.782" errors="0" timestamp="2021-07-11T23:42:30 CEST" skipped="0">
  <testcase classname="BasicAuthenticationTest" name="auth" time="0.782"/>
  <system-out/>
</testsuite> <!-- BasicAuthenticationTest -->
