<?xml version="1.0" encoding="UTF-8"?>
<!-- Generated by org.testng.reporters.JUnitReportReporter -->
<testsuite hostname="DESKTOP-75JV3VP" failures="0" tests="1" name="PutRequest" time="0.397" errors="0" timestamp="2021-07-11T23:42:30 CEST" skipped="0">
  <testcase classname="PutRequest" name="updateEmployee" time="0.397"/>
  <system-out/>
</testsuite> <!-- PutRequest -->
